<?xml version="1.0" encoding="UTF-8"?>
<testng-results skipped="0" failed="0" ignored="0" total="1" passed="1">
  <reporter-output>
  </reporter-output>
  <suite name="Default suite" duration-ms="23360" started-at="2020-07-03T11:20:33 IST" finished-at="2020-07-03T11:20:56 IST">
    <groups>
    </groups>
    <test name="Default test" duration-ms="23360" started-at="2020-07-03T11:20:33 IST" finished-at="2020-07-03T11:20:56 IST">
      <class name="TestNgPractise.TestFb">
        <test-method status="PASS" signature="facebook()[pri:0, instance:TestNgPractise.TestFb@614ddd49]" name="facebook" duration-ms="23012" started-at="2020-07-03T11:20:33 IST" finished-at="2020-07-03T11:20:56 IST">
          <reporter-output>
          </reporter-output>
        </test-method> <!-- facebook -->
      </class> <!-- TestNgPractise.TestFb -->
    </test> <!-- Default test -->
  </suite> <!-- Default suite -->
</testng-results>
